T2934 2493:413.120   SEGGER J-Link V7.96d Log File
T2934 2493:413.120   DLL Compiled: Apr 10 2024 08:27:25
T2934 2493:413.376   Logging started @ 2024-04-13 17:36
T2934 2493:413.376   Process: C:\Program Files (x86)\Atmel\Studio\7.0\atbackend\atbackend.exe
T2934 2493:413.376 - 887924.096ms
T2934 2493:422.336 JLINK_ExecCommand("Device = ATSAMD21G18A", ...). 
T2934 2493:423.104   Device "ATSAMD21G18A" selected.
T2934 2493:423.360 - 0.842ms returns 0x00
T2934 2493:436.928 JLINK_TIF_Select(JLINKARM_TIF_SWD)
T2934 2493:437.696 - 0.770ms returns 0x00
T2934 2493:437.696 JLINK_SetSpeed(4000)
T2934 2493:437.952 - 0.143ms
T2934 2493:437.952 JLINK_ResetPullsRESET(OFF)
T2934 2493:437.952 - 0.041ms
T2934 2493:438.208 JLINK_Connect()
T2934 2493:438.464   InitTarget() start
T2934 2493:438.464    J-Link Script File: Executing InitTarget()
T2934 2493:438.720   InitTarget()
T2934 2493:441.280   InitTarget() end - Took 2.58ms
T2934 2493:442.048   Found SW-DP with ID 0x0BC11477
T2934 2493:444.096   DPIDR: 0x0BC11477
T2934 2493:444.096   CoreSight SoC-400 or earlier
T2934 2493:444.096   Scanning AP map to find all available APs
T2934 2493:444.608   AP[1]: Stopped AP scan as end of AP map has been reached
T2934 2493:444.608   AP[0]: AHB-AP (IDR: 0x04770031)
T2934 2493:444.864   Iterating through AP map to find AHB-AP to use
T2934 2493:445.632   AP[0]: Core found
T2934 2493:445.632   AP[0]: AHB-AP ROM base: 0x41003000
T2934 2493:446.144   CPUID register: 0x410CC601. Implementer code: 0x41 (ARM)
T2934 2493:446.144   Found Cortex-M0 r0p1, Little endian.
T2934 2493:446.656   -- Max. mem block: 0x000013E0
T2934 2493:446.912   CPU_ReadMem(4 bytes @ 0xE000EDF0)
T2934 2493:447.168   CPU_WriteMem(4 bytes @ 0xE000EDF0)
T2934 2493:447.680   CPU_ReadMem(4 bytes @ 0xE0002000)
T2934 2493:447.680   FPUnit: 4 code (BP) slots and 0 literal slots
T2934 2493:447.936   CPU_ReadMem(4 bytes @ 0xE000EDFC)
T2934 2493:448.192   CPU_WriteMem(4 bytes @ 0xE000EDFC)
T2934 2493:448.704   CPU_ReadMem(4 bytes @ 0xE0001000)
T2934 2493:448.704   CPU_WriteMem(4 bytes @ 0xE0001000)
T2934 2493:449.216   CoreSight components:
T2934 2493:449.216   ROMTbl[0] @ 41003000
T2934 2493:449.216   CPU_ReadMem(64 bytes @ 0x41003000)
T2934 2493:449.984   CPU_ReadMem(32 bytes @ 0xE00FFFE0)
T2934 2493:450.496   [0][0]: E00FF000 CID B105100D PID 000BB4C0 ROM Table
T2934 2493:450.496   ROMTbl[1] @ E00FF000
T2934 2493:450.496   CPU_ReadMem(64 bytes @ 0xE00FF000)
T2934 2493:451.264   CPU_ReadMem(32 bytes @ 0xE000EFE0)
T2934 2493:451.776   [1][0]: E000E000 CID B105E00D PID 000BB008 SCS
T2934 2493:451.776   CPU_ReadMem(32 bytes @ 0xE0001FE0)
T2934 2493:452.288   [1][1]: E0001000 CID B105E00D PID 000BB00A DWT
T2934 2493:452.288   CPU_ReadMem(32 bytes @ 0xE0002FE0)
T2934 2493:452.800   [1][2]: E0002000 CID B105E00D PID 000BB00B FPB
T2934 2493:452.800   CPU_ReadMem(32 bytes @ 0x41006FE0)
T2934 2493:453.312   [0][1]: 41006000 CID B105900D PID 001BB932 MTB-M0+
T2934 2493:453.568 - 15.363ms returns 0x00
T2934 2493:453.568 JLINK_ExecCommand("ExcludeFlashCacheRange 0x0 - 0x40000", ...). 
T2934 2493:453.568 - 0.001ms returns 0x00
T2934 2493:453.824 JLINK_Halt()
T2934 2493:456.384 - 2.775ms returns 0x00
T2934 2493:457.920 JLINK_JTAG_GetDeviceID(DeviceIndex = 0)
T2934 2493:457.920 - 0.047ms returns 0
T2934 2493:457.920 JLINK_ReadMemU32(0x41002018, 0x1 Items)
T2934 2493:457.920   CPU_ReadMem(4 bytes @ 0x41002018)
T2934 2493:458.176   Data:  05 03 01 10
T2934 2493:458.432 - 0.498ms returns 1 (0x1)
T3020 2493:467.136 JLINK_IsHalted()
T3020 2493:467.392 - 0.396ms returns TRUE
T3020 2493:467.392 JLINK_GetMOEs(...)
T3020 2493:467.392   CPU_ReadMem(4 bytes @ 0xE000ED30)
T3020 2493:467.904 - 0.345ms returns 0x01
T3020 2493:467.904 JLINK_ReadReg(R15 (PC))
T3020 2493:467.904 - 0.021ms returns 0x000069B4
T2934 2493:568.768 JLINK_BeginDownload(Flags = 0x00000000)
T2934 2493:568.768 - 0.051ms
T2934 2493:568.768 JLINK_WriteMem(0x00000000, 0x26F94 Bytes, ...)
T2934 2493:568.768   Data:  38 77 00 20 31 7E 01 00 29 7F 01 00 29 7F 01 00 ...
T2934 2493:569.280   completely In flash
T2934 2493:569.280 - 0.418ms returns 0x26F94
T2934 2493:569.536 JLINK_WriteMem(0x00026F94, 0x310 Bytes, ...)
T2934 2493:569.536   Data:  00 00 00 00 0C 00 00 00 00 00 00 00 00 00 00 00 ...
T2934 2493:569.536   completely In flash
T2934 2493:569.536 - 0.156ms returns 0x310
T3020 2493:673.984 JLINK_IsHalted()
T3020 2493:673.984 - 0.053ms returns TRUE
T2934 2493:674.752 JLINK_EndDownload()
T2934 2493:675.008   CPU_ReadMem(4 bytes @ 0x41006004)
T2934 2493:675.264   CPU_ReadMem(4 bytes @ 0xE000ED90)
T2934 2493:675.776    -- --------------------------------------
T2934 2493:675.776    -- Flash bank @ 0x00000000: Default: L2 verify disabled because algorithm performs L1 verify
T2934 2493:675.776    -- Start of determining dirty areas in flash cache
T2934 2493:675.776    -- Filling invalid ranges in sector buffer (flash cache) for sector @ 0x00000000 if necessary
T2934 2493:675.776    -- Filling invalid ranges in sector buffer (flash cache) for sector @ 0x00000100 if necessary
T2934 2493:675.776    -- Filling invalid ranges in sector buffer (flash cache) for sector @ 0x00000200 if necessary
T2934 2493:676.032    -- Filling invalid ranges in sector buffer (flash cache) for sector @ 0x00000300 if necessary
T2934 2493:676.032    -- Filling invalid ranges in sector buffer (flash cache) for sector @ 0x00000400 if necessary
T2934 2493:676.032    -- Filling invalid ranges in sector buffer (flash cache) for sector @ 0x00000500 if necessary
T2934 2493:676.032    -- Filling invalid ranges in sector buffer (flash cache) for sector @ 0x00000600 if necessary
T2934 2493:676.032    -- Filling invalid ranges in sector buffer (flash cache) for sector @ 0x00000700 if necessary
T2934 2493:676.032    -- Filling invalid ranges in sector buffer (flash cache) for sector @ 0x00000800 if necessary
T2934 2493:676.032    -- Filling invalid ranges in sector buffer (flash cache) for sector @ 0x00000900 if necessary
T2934 2493:676.032    -- Filling invalid ranges in sector buffer (flash cache) for sector @ 0x00000A00 if necessary
T2934 2493:676.032    -- Filling invalid ranges in sector buffer (flash cache) for sector @ 0x00000B00 if necessary
T2934 2493:676.032    -- Filling invalid ranges in sector buffer (flash cache) for sector @ 0x00000C00 if necessary
T2934 2493:676.032    -- Filling invalid ranges in sector buffer (flash cache) for sector @ 0x00000D00 if necessary
T2934 2493:676.032    -- Filling invalid ranges in sector buffer (flash cache) for sector @ 0x00000E00 if necessary
T2934 2493:676.032    -- Filling invalid ranges in sector buffer (flash cache) for sector @ 0x00000F00 if necessary
T2934 2493:676.032    -- Filling invalid ranges in sector buffer (flash cache) for sector @ 0x00001000 if necessary
T2934 2493:676.032    -- Filling invalid ranges in sector buffer (flash cache) for sector @ 0x00001100 if necessary
T2934 2493:676.288    -- Filling invalid ranges in sector buffer (flash cache) for sector @ 0x00001200 if necessary
T2934 2493:676.288    -- Filling invalid ranges in sector buffer (flash cache) for sector @ 0x00001300 if necessary
T2934 2493:676.288    -- Filling invalid ranges in sector buffer (flash cache) for sector @ 0x00001400 if necessary
T2934 2493:676.288    -- Filling invalid ranges in sector buffer (flash cache) for sector @ 0x00001500 if necessary
T2934 2493:676.288    -- Filling invalid ranges in sector buffer (flash cache) for sector @ 0x00001600 if necessary
T2934 2493:676.288    -- Filling invalid ranges in sector buffer (flash cache) for sector @ 0x00001700 if necessary
T2934 2493:676.288    -- Filling invalid ranges in sector buffer (flash cache) for sector @ 0x00001800 if necessary
T2934 2493:676.288    -- Filling invalid ranges in sector buffer (flash cache) for sector @ 0x00001900 if necessary
T2934 2493:676.544    -- Filling invalid ranges in sector buffer (flash cache) for sector @ 0x00001A00 if necessary
T2934 2493:676.544    -- Filling invalid ranges in sector buffer (flash cache) for sector @ 0x00001B00 if necessary
T2934 2493:676.544    -- Filling invalid ranges in sector buffer (flash cache) for sector @ 0x00001C00 if necessary
T2934 2493:676.544    -- Filling invalid ranges in sector buffer (flash cache) for sector @ 0x00001D00 if necessary
T2934 2493:676.544    -- Filling invalid ranges in sector buffer (flash cache) for sector @ 0x00001E00 if necessary
T2934 2493:676.800    -- Filling invalid ranges in sector buffer (flash cache) for sector @ 0x00001F00 if necessary
T2934 2493:676.800    -- Filling invalid ranges in sector buffer (flash cache) for sector @ 0x00002000 if necessary
T2934 2493:676.800    -- Filling invalid ranges in sector buffer (flash cache) for sector @ 0x00002100 if necessary
T2934 2493:676.800    -- Filling invalid ranges in sector buffer (flash cache) for sector @ 0x00002200 if necessary
T2934 2493:676.800    -- Filling invalid ranges in sector buffer (flash cache) for sector @ 0x00002300 if necessary
T2934 2493:676.800    -- Filling invalid ranges in sector buffer (flash cache) for sector @ 0x00002400 if necessary
T2934 2493:676.800    -- Filling invalid ranges in sector buffer (flash cache) for sector @ 0x00002500 if necessary
T2934 2493:676.800    -- Filling invalid ranges in sector buffer (flash cache) for sector @ 0x00002600 if necessary
T2934 2493:677.056    -- Filling invalid ranges in sector buffer (flash cache) for sector @ 0x00002700 if necessary
T2934 2493:677.056    -- Filling invalid ranges in sector buffer (flash cache) for sector @ 0x00002800 if necessary
T2934 2493:677.056    -- Filling invalid ranges in sector buffer (flash cache) for sector @ 0x00002900 if necessary
T2934 2493:677.056    -- Filling invalid ranges in sector buffer (flash cache) for sector @ 0x00002A00 if necessary
T2934 2493:677.056    -- Filling invalid ranges in sector buffer (flash cache) for sector @ 0x00002B00 if necessary
T2934 2493:677.056    -- Filling invalid ranges in sector buffer (flash cache) for sector @ 0x00002C00 if necessary
T2934 2493:677.056    -- Filling invalid ranges in sector buffer (flash cache) for sector @ 0x00002D00 if necessary
T2934 2493:677.056    -- Filling invalid ranges in sector buffer (flash cache) for sector @ 0x00002E00 if necessary
T2934 2493:677.056    -- Filling invalid ranges in sector buffer (flash cache) for sector @ 0x00002F00 if necessary
T2934 2493:677.056    -- Filling invalid ranges in sector buffer (flash cache) for sector @ 0x00003000 if necessary
T2934 2493:677.056    -- Filling invalid ranges in sector buffer (flash cache) for sector @ 0x00003100 if necessary
T2934 2493:677.056    -- Filling invalid ranges in sector buffer (flash cache) for sector @ 0x00003200 if necessary
T2934 2493:677.056    -- Filling invalid ranges in sector buffer (flash cache) for sector @ 0x00003300 if necessary
T2934 2493:677.056    -- Filling invalid ranges in sector buffer (flash cache) for sector @ 0x00003400 if necessary
T2934 2493:677.056    -- Filling invalid ranges in sector buffer (flash cache) for sector @ 0x00003500 if necessary
T2934 2493:677.312    -- Filling invalid ranges in sector buffer (flash cache) for sector @ 0x00003600 if necessary
T2934 2493:677.312    -- Filling invalid ranges in sector buffer (flash cache) for sector @ 0x00003700 if necessary
T2934 2493:677.312    -- Filling invalid ranges in sector buffer (flash cache) for sector @ 0x00003800 if necessary
T2934 2493:677.312    -- Filling invalid ranges in sector buffer (flash cache) for sector @ 0x00003900 if necessary
T2934 2493:677.312    -- Filling invalid ranges in sector buffer (flash cache) for sector @ 0x00003A00 if necessary
T2934 2493:677.312    -- Filling invalid ranges in sector buffer (flash cache) for sector @ 0x00003B00 if necessary
T2934 2493:677.312    -- Filling invalid ranges in sector buffer (flash cache) for sector @ 0x00003C00 if necessary
T2934 2493:677.568    -- Filling invalid ranges in sector buffer (flash cache) for sector @ 0x00003D00 if necessary
T2934 2493:677.568    -- Filling invalid ranges in sector buffer (flash cache) for sector @ 0x00003E00 if necessary
T2934 2493:677.568    -- Filling invalid ranges in sector buffer (flash cache) for sector @ 0x00003F00 if necessary
T2934 2493:677.568    -- Filling invalid ranges in sector buffer (flash cache) for sector @ 0x00004000 if necessary
T2934 2493:677.568    -- Filling invalid ranges in sector buffer (flash cache) for sector @ 0x00004100 if necessary
T2934 2493:677.568    -- Filling invalid ranges in sector buffer (flash cache) for sector @ 0x00004200 if necessary
T2934 2493:677.568    -- Filling invalid ranges in sector buffer (flash cache) for sector @ 0x00004300 if necessary
T2934 2493:677.568    -- Filling invalid ranges in sector buffer (flash cache) for sector @ 0x00004400 if necessary
T2934 2493:677.824    -- Filling invalid ranges in sector buffer (flash cache) for sector @ 0x00004500 if necessary
T2934 2493:677.824    -- Filling invalid ranges in sector buffer (flash cache) for sector @ 0x00004600 if necessary
T2934 2493:677.824    -- Filling invalid ranges in sector buffer (flash cache) for sector @ 0x00004700 if necessary
T2934 2493:677.824    -- Filling invalid ranges in sector buffer (flash cache) for sector @ 0x00004800 if necessary
T2934 2493:677.824    -- Filling invalid ranges in sector buffer (flash cache) for sector @ 0x00004900 if necessary
T2934 2493:677.824    -- Filling invalid ranges in sector buffer (flash cache) for sector @ 0x00004A00 if necessary
T2934 2493:677.824    -- Filling invalid ranges in sector buffer (flash cache) for sector @ 0x00004B00 if necessary
T2934 2493:678.080    -- Filling invalid ranges in sector buffer (flash cache) for sector @ 0x00004C00 if necessary
T2934 2493:678.080    -- Filling invalid ranges in sector buffer (flash cache) for sector @ 0x00004D00 if necessary
T2934 2493:678.080    -- Filling invalid ranges in sector buffer (flash cache) for sector @ 0x00004E00 if necessary
T2934 2493:678.080    -- Filling invalid ranges in sector buffer (flash cache) for sector @ 0x00004F00 if necessary
T2934 2493:678.080    -- Filling invalid ranges in sector buffer (flash cache) for sector @ 0x00005000 if necessary
T2934 2493:678.080    -- Filling invalid ranges in sector buffer (flash cache) for sector @ 0x00005100 if necessary
T2934 2493:678.080    -- Filling invalid ranges in sector buffer (flash cache) for sector @ 0x00005200 if necessary
T2934 2493:678.080    -- Filling invalid ranges in sector buffer (flash cache) for sector @ 0x00005300 if necessary
T2934 2493:678.080    -- Filling invalid ranges in sector buffer (flash cache) for sector @ 0x00005400 if necessary
T2934 2493:678.080    -- Filling invalid ranges in sector buffer (flash cache) for sector @ 0x00005500 if necessary
T2934 2493:678.080    -- Filling invalid ranges in sector buffer (flash cache) for sector @ 0x00005600 if necessary
T2934 2493:678.080    -- Filling invalid ranges in sector buffer (flash cache) for sector @ 0x00005700 if necessary
T2934 2493:678.336    -- Filling invalid ranges in sector buffer (flash cache) for sector @ 0x00005800 if necessary
T2934 2493:678.336    -- Filling invalid ranges in sector buffer (flash cache) for sector @ 0x00005900 if necessary
T2934 2493:678.336    -- Filling invalid ranges in sector buffer (flash cache) for sector @ 0x00005A00 if necessary
T2934 2493:678.336    -- Filling invalid ranges in sector buffer (flash cache) for sector @ 0x00005B00 if necessary
T2934 2493:678.336    -- Filling invalid ranges in sector buffer (flash cache) for sector @ 0x00005C00 if necessary
T2934 2493:678.336    -- Filling invalid ranges in sector buffer (flash cache) for sector @ 0x00005D00 if necessary
T2934 2493:678.336    -- Filling invalid ranges in sector buffer (flash cache) for sector @ 0x00005E00 if necessary
T2934 2493:678.336    -- Filling invalid ranges in sector buffer (flash cache) for sector @ 0x00005F00 if necessary
T2934 2493:678.592    -- Filling invalid ranges in sector buffer (flash cache) for sector @ 0x00006000 if necessary
T2934 2493:678.592    -- Filling invalid ranges in sector buffer (flash cache) for sector @ 0x00006100 if necessary
T2934 2493:678.592    -- Filling invalid ranges in sector buffer (flash cache) for sector @ 0x00006200 if necessary
T2934 2493:678.592    -- Filling invalid ranges in sector buffer (flash cache) for sector @ 0x00006300 if necessary
T2934 2493:678.592    -- Filling invalid ranges in sector buffer (flash cache) for sector @ 0x00006400 if necessary
T2934 2493:678.592    -- Filling invalid ranges in sector buffer (flash cache) for sector @ 0x00006500 if necessary
T2934 2493:678.848    -- Filling invalid ranges in sector buffer (flash cache) for sector @ 0x00006600 if necessary
T2934 2493:678.848    -- Filling invalid ranges in sector buffer (flash cache) for sector @ 0x00006700 if necessary
T2934 2493:678.848    -- Filling invalid ranges in sector buffer (flash cache) for sector @ 0x00006800 if necessary
T2934 2493:678.848    -- Filling invalid ranges in sector buffer (flash cache) for sector @ 0x00006900 if necessary
T2934 2493:678.848    -- Filling invalid ranges in sector buffer (flash cache) for sector @ 0x00006A00 if necessary
T2934 2493:678.848    -- Filling invalid ranges in sector buffer (flash cache) for sector @ 0x00006B00 if necessary
T2934 2493:678.848    -- Filling invalid ranges in sector buffer (flash cache) for sector @ 0x00006C00 if necessary
T2934 2493:679.104    -- Filling invalid ranges in sector buffer (flash cache) for sector @ 0x00006D00 if necessary
T2934 2493:679.104    -- Filling invalid ranges in sector buffer (flash cache) for sector @ 0x00006E00 if necessary
T2934 2493:679.104    -- Filling invalid ranges in sector buffer (flash cache) for sector @ 0x00006F00 if necessary
T2934 2493:679.104    -- Filling invalid ranges in sector buffer (flash cache) for sector @ 0x00007000 if necessary
T2934 2493:679.104    -- Filling invalid ranges in sector buffer (flash cache) for sector @ 0x00007100 if necessary
T2934 2493:679.104    -- Filling invalid ranges in sector buffer (flash cache) for sector @ 0x00007200 if necessary
T2934 2493:679.104    -- Filling invalid ranges in sector buffer (flash cache) for sector @ 0x00007300 if necessary
T2934 2493:679.104    -- Filling invalid ranges in sector buffer (flash cache) for sector @ 0x00007400 if necessary
T2934 2493:679.104    -- Filling invalid ranges in sector buffer (flash cache) for sector @ 0x00007500 if necessary
T2934 2493:679.104    -- Filling invalid ranges in sector buffer (flash cache) for sector @ 0x00007600 if necessary
T2934 2493:679.104    -- Filling invalid ranges in sector buffer (flash cache) for sector @ 0x00007700 if necessary
T2934 2493:679.104    -- Filling invalid ranges in sector buffer (flash cache) for sector @ 0x00007800 if necessary
T2934 2493:679.104    -- Filling invalid ranges in sector buffer (flash cache) for sector @ 0x00007900 if necessary
T2934 2493:679.104    -- Filling invalid ranges in sector buffer (flash cache) for sector @ 0x00007A00 if necessary
T2934 2493:679.360    -- Filling invalid ranges in sector buffer (flash cache) for sector @ 0x00007B00 if necessary
T2934 2493:679.360    -- Filling invalid ranges in sector buffer (flash cache) for sector @ 0x00007C00 if necessary
T2934 2493:679.360    -- Filling invalid ranges in sector buffer (flash cache) for sector @ 0x00007D00 if necessary
T2934 2493:679.360    -- Filling invalid ranges in sector buffer (flash cache) for sector @ 0x00007E00 if necessary
T2934 2493:679.360    -- Filling invalid ranges in sector buffer (flash cache) for sector @ 0x00007F00 if necessary
T2934 2493:679.360    -- Filling invalid ranges in sector buffer (flash cache) for sector @ 0x00008000 if necessary
T2934 2493:679.360    -- Filling invalid ranges in sector buffer (flash cache) for sector @ 0x00008100 if necessary
T2934 2493:679.360    -- Filling invalid ranges in sector buffer (flash cache) for sector @ 0x00008200 if necessary
T2934 2493:679.616    -- Filling invalid ranges in sector buffer (flash cache) for sector @ 0x00008300 if necessary
T2934 2493:679.616    -- Filling invalid ranges in sector buffer (flash cache) for sector @ 0x00008400 if necessary
T2934 2493:679.616    -- Filling invalid ranges in sector buffer (flash cache) for sector @ 0x00008500 if necessary
T2934 2493:679.616    -- Filling invalid ranges in sector buffer (flash cache) for sector @ 0x00008600 if necessary
T2934 2493:679.616    -- Filling invalid ranges in sector buffer (flash cache) for sector @ 0x00008700 if necessary
T2934 2493:679.616    -- Filling invalid ranges in sector buffer (flash cache) for sector @ 0x00008800 if necessary
T2934 2493:679.616    -- Filling invalid ranges in sector buffer (flash cache) for sector @ 0x00008900 if necessary
T2934 2493:679.872    -- Filling invalid ranges in sector buffer (flash cache) for sector @ 0x00008A00 if necessary
T2934 2493:679.872    -- Filling invalid ranges in sector buffer (flash cache) for sector @ 0x00008B00 if necessary
T2934 2493:679.872    -- Filling invalid ranges in sector buffer (flash cache) for sector @ 0x00008C00 if necessary
T2934 2493:679.872    -- Filling invalid ranges in sector buffer (flash cache) for sector @ 0x00008D00 if necessary
T2934 2493:679.872    -- Filling invalid ranges in sector buffer (flash cache) for sector @ 0x00008E00 if necessary
T2934 2493:680.128    -- Filling invalid ranges in sector buffer (flash cache) for sector @ 0x00008F00 if necessary
T2934 2493:680.128    -- Filling invalid ranges in sector buffer (flash cache) for sector @ 0x00009000 if necessary
T2934 2493:680.128    -- Filling invalid ranges in sector buffer (flash cache) for sector @ 0x00009100 if necessary
T2934 2493:680.128    -- Filling invalid ranges in sector buffer (flash cache) for sector @ 0x00009200 if necessary
T2934 2493:680.128    -- Filling invalid ranges in sector buffer (flash cache) for sector @ 0x00009300 if necessary
T2934 2493:680.128    -- Filling invalid ranges in sector buffer (flash cache) for sector @ 0x00009400 if necessary
T2934 2493:680.128    -- Filling invalid ranges in sector buffer (flash cache) for sector @ 0x00009500 if necessary
T2934 2493:680.128    -- Filling invalid ranges in sector buffer (flash cache) for sector @ 0x00009600 if necessary
T2934 2493:680.128    -- Filling invalid ranges in sector buffer (flash cache) for sector @ 0x00009700 if necessary
T2934 2493:680.128    -- Filling invalid ranges in sector buffer (flash cache) for sector @ 0x00009800 if necessary
T2934 2493:680.384    -- Filling invalid ranges in sector buffer (flash cache) for sector @ 0x00009900 if necessary
T2934 2493:680.384    -- Filling invalid ranges in sector buffer (flash cache) for sector @ 0x00009A00 if necessary
T2934 2493:680.384    -- Filling invalid ranges in sector buffer (flash cache) for sector @ 0x00009B00 if necessary
T2934 2493:680.384    -- Filling invalid ranges in sector buffer (flash cache) for sector @ 0x00009C00 if necessary
T2934 2493:680.384    -- Filling invalid ranges in sector buffer (flash cache) for sector @ 0x00009D00 if necessary
T2934 2493:680.640    -- Filling invalid ranges in sector buffer (flash cache) for sector @ 0x00009E00 if necessary
T2934 2493:680.640    -- Filling invalid ranges in sector buffer (flash cache) for sector @ 0x00009F00 if necessary
T2934 2493:680.640    -- Filling invalid ranges in sector buffer (flash cache) for sector @ 0x0000A000 if necessary
T2934 2493:680.640    -- Filling invalid ranges in sector buffer (flash cache) for sector @ 0x0000A100 if necessary
T2934 2493:680.640    -- Filling invalid ranges in sector buffer (flash cache) for sector @ 0x0000A200 if necessary
T2934 2493:680.640    -- Filling invalid ranges in sector buffer (flash cache) for sector @ 0x0000A300 if necessary
T2934 2493:680.896    -- Filling invalid ranges in sector buffer (flash cache) for sector @ 0x0000A400 if necessary
T2934 2493:680.896    -- Filling invalid ranges in sector buffer (flash cache) for sector @ 0x0000A500 if necessary
T2934 2493:680.896    -- Filling invalid ranges in sector buffer (flash cache) for sector @ 0x0000A600 if necessary
T2934 2493:680.896    -- Filling invalid ranges in sector buffer (flash cache) for sector @ 0x0000A700 if necessary
T2934 2493:680.896    -- Filling invalid ranges in sector buffer (flash cache) for sector @ 0x0000A800 if necessary
T2934 2493:681.152    -- Filling invalid ranges in sector buffer (flash cache) for sector @ 0x0000A900 if necessary
T2934 2493:681.152    -- Filling invalid ranges in sector buffer (flash cache) for sector @ 0x0000AA00 if necessary
T2934 2493:681.152    -- Filling invalid ranges in sector buffer (flash cache) for sector @ 0x0000AB00 if necessary
T2934 2493:681.152    -- Filling invalid ranges in sector buffer (flash cache) for sector @ 0x0000AC00 if necessary
T2934 2493:681.152    -- Filling invalid ranges in sector buffer (flash cache) for sector @ 0x0000AD00 if necessary
T2934 2493:681.152    -- Filling invalid ranges in sector buffer (flash cache) for sector @ 0x0000AE00 if necessary
T2934 2493:681.152    -- Filling invalid ranges in sector buffer (flash cache) for sector @ 0x0000AF00 if necessary
T2934 2493:681.152    -- Filling invalid ranges in sector buffer (flash cache) for sector @ 0x0000B000 if necessary
T2934 2493:681.152    -- Filling invalid ranges in sector buffer (flash cache) for sector @ 0x0000B100 if necessary
T2934 2493:681.152    -- Filling invalid ranges in sector buffer (flash cache) for sector @ 0x0000B200 if necessary
T2934 2493:681.152    -- Filling invalid ranges in sector buffer (flash cache) for sector @ 0x0000B300 if necessary
T2934 2493:681.152    -- Filling invalid ranges in sector buffer (flash cache) for sector @ 0x0000B400 if necessary
T2934 2493:681.152    -- Filling invalid ranges in sector buffer (flash cache) for sector @ 0x0000B500 if necessary
T2934 2493:681.152    -- Filling invalid ranges in sector buffer (flash cache) for sector @ 0x0000B600 if necessary
T2934 2493:681.152    -- Filling invalid ranges in sector buffer (flash cache) for sector @ 0x0000B700 if necessary
T2934 2493:681.408    -- Filling invalid ranges in sector buffer (flash cache) for sector @ 0x0000B800 if necessary
T2934 2493:681.408    -- Filling invalid ranges in sector buffer (flash cache) for sector @ 0x0000B900 if necessary
T2934 2493:681.408    -- Filling invalid ranges in sector buffer (flash cache) for sector @ 0x0000BA00 if necessary
T2934 2493:681.408    -- Filling invalid ranges in sector buffer (flash cache) for sector @ 0x0000BB00 if necessary
T2934 2493:681.408    -- Filling invalid ranges in sector buffer (flash cache) for sector @ 0x0000BC00 if necessary
T2934 2493:681.408    -- Filling invalid ranges in sector buffer (flash cache) for sector @ 0x0000BD00 if necessary
T2934 2493:681.408    -- Filling invalid ranges in sector buffer (flash cache) for sector @ 0x0000BE00 if necessary
T2934 2493:681.408    -- Filling invalid ranges in sector buffer (flash cache) for sector @ 0x0000BF00 if necessary
T2934 2493:681.664    -- Filling invalid ranges in sector buffer (flash cache) for sector @ 0x0000C000 if necessary
T2934 2493:681.664    -- Filling invalid ranges in sector buffer (flash cache) for sector @ 0x0000C100 if necessary
T2934 2493:681.664    -- Filling invalid ranges in sector buffer (flash cache) for sector @ 0x0000C200 if necessary
T2934 2493:681.664    -- Filling invalid ranges in sector buffer (flash cache) for sector @ 0x0000C300 if necessary
T2934 2493:681.664    -- Filling invalid ranges in sector buffer (flash cache) for sector @ 0x0000C400 if necessary
T2934 2493:681.664    -- Filling invalid ranges in sector buffer (flash cache) for sector @ 0x0000C500 if necessary
T2934 2493:681.664    -- Filling invalid ranges in sector buffer (flash cache) for sector @ 0x0000C600 if necessary
T2934 2493:681.664    -- Filling invalid ranges in sector buffer (flash cache) for sector @ 0x0000C700 if necessary
T2934 2493:681.920    -- Filling invalid ranges in sector buffer (flash cache) for sector @ 0x0000C800 if necessary
T2934 2493:681.920    -- Filling invalid ranges in sector buffer (flash cache) for sector @ 0x0000C900 if necessary
T2934 2493:681.920    -- Filling invalid ranges in sector buffer (flash cache) for sector @ 0x0000CA00 if necessary
T2934 2493:681.920    -- Filling invalid ranges in sector buffer (flash cache) for sector @ 0x0000CB00 if necessary
T2934 2493:681.920    -- Filling invalid ranges in sector buffer (flash cache) for sector @ 0x0000CC00 if necessary
T2934 2493:681.920    -- Filling invalid ranges in sector buffer (flash cache) for sector @ 0x0000CD00 if necessary
T2934 2493:681.920    -- Filling invalid ranges in sector buffer (flash cache) for sector @ 0x0000CE00 if necessary
T2934 2493:682.176    -- Filling invalid ranges in sector buffer (flash cache) for sector @ 0x0000CF00 if necessary
T2934 2493:682.176    -- Filling invalid ranges in sector buffer (flash cache) for sector @ 0x0000D000 if necessary
T2934 2493:682.176    -- Filling invalid ranges in sector buffer (flash cache) for sector @ 0x0000D100 if necessary
T2934 2493:682.176    -- Filling invalid ranges in sector buffer (flash cache) for sector @ 0x0000D200 if necessary
T2934 2493:682.176    -- Filling invalid ranges in sector buffer (flash cache) for sector @ 0x0000D300 if necessary
T2934 2493:682.176    -- Filling invalid ranges in sector buffer (flash cache) for sector @ 0x0000D400 if necessary
T2934 2493:682.176    -- Filling invalid ranges in sector buffer (flash cache) for sector @ 0x0000D500 if necessary
T2934 2493:682.176    -- Filling invalid ranges in sector buffer (flash cache) for sector @ 0x0000D600 if necessary
T2934 2493:682.176    -- Filling invalid ranges in sector buffer (flash cache) for sector @ 0x0000D700 if necessary
T2934 2493:682.176    -- Filling invalid ranges in sector buffer (flash cache) for sector @ 0x0000D800 if necessary
T2934 2493:682.176    -- Filling invalid ranges in sector buffer (flash cache) for sector @ 0x0000D900 if necessary
T2934 2493:682.176    -- Filling invalid ranges in sector buffer (flash cache) for sector @ 0x0000DA00 if necessary
T2934 2493:682.176    -- Filling invalid ranges in sector buffer (flash cache) for sector @ 0x0000DB00 if necessary
T2934 2493:682.176    -- Filling invalid ranges in sector buffer (flash cache) for sector @ 0x0000DC00 if necessary
T2934 2493:682.176    -- Filling invalid ranges in sector buffer (flash cache) for sector @ 0x0000DD00 if necessary
T2934 2493:682.432    -- Filling invalid ranges in sector buffer (flash cache) for sector @ 0x0000DE00 if necessary
T2934 2493:682.432    -- Filling invalid ranges in sector buffer (flash cache) for sector @ 0x0000DF00 if necessary
T2934 2493:682.432    -- Filling invalid ranges in sector buffer (flash cache) for sector @ 0x0000E000 if necessary
T2934 2493:682.432    -- Filling invalid ranges in sector buffer (flash cache) for sector @ 0x0000E100 if necessary
T2934 2493:682.688    -- Filling invalid ranges in sector buffer (flash cache) for sector @ 0x0000E200 if necessary
T2934 2493:682.688    -- Filling invalid ranges in sector buffer (flash cache) for sector @ 0x0000E300 if necessary
T2934 2493:682.688    -- Filling invalid ranges in sector buffer (flash cache) for sector @ 0x0000E400 if necessary
T2934 2493:682.688    -- Filling invalid ranges in sector buffer (flash cache) for sector @ 0x0000E500 if necessary
T2934 2493:682.688    -- Filling invalid ranges in sector buffer (flash cache) for sector @ 0x0000E600 if necessary
T2934 2493:682.688    -- Filling invalid ranges in sector buffer (flash cache) for sector @ 0x0000E700 if necessary
T2934 2493:682.944    -- Filling invalid ranges in sector buffer (flash cache) for sector @ 0x0000E800 if necessary
T2934 2493:682.944    -- Filling invalid ranges in sector buffer (flash cache) for sector @ 0x0000E900 if necessary
T2934 2493:682.944    -- Filling invalid ranges in sector buffer (flash cache) for sector @ 0x0000EA00 if necessary
T2934 2493:682.944    -- Filling invalid ranges in sector buffer (flash cache) for sector @ 0x0000EB00 if necessary
T2934 2493:682.944    -- Filling invalid ranges in sector buffer (flash cache) for sector @ 0x0000EC00 if necessary
T2934 2493:683.200    -- Filling invalid ranges in sector buffer (flash cache) for sector @ 0x0000ED00 if necessary
T2934 2493:683.200    -- Filling invalid ranges in sector buffer (flash cache) for sector @ 0x0000EE00 if necessary
T2934 2493:683.200    -- Filling invalid ranges in sector buffer (flash cache) for sector @ 0x0000EF00 if necessary
T2934 2493:683.200    -- Filling invalid ranges in sector buffer (flash cache) for sector @ 0x0000F000 if necessary
T2934 2493:683.200    -- Filling invalid ranges in sector buffer (flash cache) for sector @ 0x0000F100 if necessary
T2934 2493:683.200    -- Filling invalid ranges in sector buffer (flash cache) for sector @ 0x0000F200 if necessary
T2934 2493:683.200    -- Filling invalid ranges in sector buffer (flash cache) for sector @ 0x0000F300 if necessary
T2934 2493:683.200    -- Filling invalid ranges in sector buffer (flash cache) for sector @ 0x0000F400 if necessary
T2934 2493:683.200    -- Filling invalid ranges in sector buffer (flash cache) for sector @ 0x0000F500 if necessary
T2934 2493:683.456    -- Filling invalid ranges in sector buffer (flash cache) for sector @ 0x0000F600 if necessary
T2934 2493:683.456    -- Filling invalid ranges in sector buffer (flash cache) for sector @ 0x0000F700 if necessary
T2934 2493:683.456    -- Filling invalid ranges in sector buffer (flash cache) for sector @ 0x0000F800 if necessary
T2934 2493:683.456    -- Filling invalid ranges in sector buffer (flash cache) for sector @ 0x0000F900 if necessary
T2934 2493:683.456    -- Filling invalid ranges in sector buffer (flash cache) for sector @ 0x0000FA00 if necessary
T2934 2493:683.456    -- Filling invalid ranges in sector buffer (flash cache) for sector @ 0x0000FB00 if necessary
T2934 2493:683.712    -- Filling invalid ranges in sector buffer (flash cache) for sector @ 0x0000FC00 if necessary
T2934 2493:683.712    -- Filling invalid ranges in sector buffer (flash cache) for sector @ 0x0000FD00 if necessary
T2934 2493:683.712    -- Filling invalid ranges in sector buffer (flash cache) for sector @ 0x0000FE00 if necessary
T2934 2493:683.712    -- Filling invalid ranges in sector buffer (flash cache) for sector @ 0x0000FF00 if necessary
T2934 2493:683.712    -- Filling invalid ranges in sector buffer (flash cache) for sector @ 0x00010000 if necessary
T2934 2493:683.712    -- Filling invalid ranges in sector buffer (flash cache) for sector @ 0x00010100 if necessary
T2934 2493:683.712    -- Filling invalid ranges in sector buffer (flash cache) for sector @ 0x00010200 if necessary
T2934 2493:683.712    -- Filling invalid ranges in sector buffer (flash cache) for sector @ 0x00010300 if necessary
T2934 2493:683.968    -- Filling invalid ranges in sector buffer (flash cache) for sector @ 0x00010400 if necessary
T2934 2493:683.968    -- Filling invalid ranges in sector buffer (flash cache) for sector @ 0x00010500 if necessary
T2934 2493:683.968    -- Filling invalid ranges in sector buffer (flash cache) for sector @ 0x00010600 if necessary
T2934 2493:683.968    -- Filling invalid ranges in sector buffer (flash cache) for sector @ 0x00010700 if necessary
T2934 2493:683.968    -- Filling invalid ranges in sector buffer (flash cache) for sector @ 0x00010800 if necessary
T2934 2493:683.968    -- Filling invalid ranges in sector buffer (flash cache) for sector @ 0x00010900 if necessary
T2934 2493:683.968    -- Filling invalid ranges in sector buffer (flash cache) for sector @ 0x00010A00 if necessary
T2934 2493:683.968    -- Filling invalid ranges in sector buffer (flash cache) for sector @ 0x00010B00 if necessary
T2934 2493:684.224    -- Filling invalid ranges in sector buffer (flash cache) for sector @ 0x00010C00 if necessary
T2934 2493:684.224    -- Filling invalid ranges in sector buffer (flash cache) for sector @ 0x00010D00 if necessary
T2934 2493:684.224    -- Filling invalid ranges in sector buffer (flash cache) for sector @ 0x00010E00 if necessary
T2934 2493:684.224    -- Filling invalid ranges in sector buffer (flash cache) for sector @ 0x00010F00 if necessary
T2934 2493:684.224    -- Filling invalid ranges in sector buffer (flash cache) for sector @ 0x00011000 if necessary
T2934 2493:684.224    -- Filling invalid ranges in sector buffer (flash cache) for sector @ 0x00011100 if necessary
T2934 2493:684.224    -- Filling invalid ranges in sector buffer (flash cache) for sector @ 0x00011200 if necessary
T2934 2493:684.224    -- Filling invalid ranges in sector buffer (flash cache) for sector @ 0x00011300 if necessary
T2934 2493:684.224    -- Filling invalid ranges in sector buffer (flash cache) for sector @ 0x00011400 if necessary
T2934 2493:684.224    -- Filling invalid ranges in sector buffer (flash cache) for sector @ 0x00011500 if necessary
T2934 2493:684.224    -- Filling invalid ranges in sector buffer (flash cache) for sector @ 0x00011600 if necessary
T2934 2493:684.224    -- Filling invalid ranges in sector buffer (flash cache) for sector @ 0x00011700 if necessary
T2934 2493:684.224    -- Filling invalid ranges in sector buffer (flash cache) for sector @ 0x00011800 if necessary
T2934 2493:684.224    -- Filling invalid ranges in sector buffer (flash cache) for sector @ 0x00011900 if necessary
T2934 2493:684.224    -- Filling invalid ranges in sector buffer (flash cache) for sector @ 0x00011A00 if necessary
T2934 2493:684.480    -- Filling invalid ranges in sector buffer (flash cache) for sector @ 0x00011B00 if necessary
T2934 2493:684.480    -- Filling invalid ranges in sector buffer (flash cache) for sector @ 0x00011C00 if necessary
T2934 2493:684.480    -- Filling invalid ranges in sector buffer (flash cache) for sector @ 0x00011D00 if necessary
T2934 2493:684.480    -- Filling invalid ranges in sector buffer (flash cache) for sector @ 0x00011E00 if necessary
T2934 2493:684.480    -- Filling invalid ranges in sector buffer (flash cache) for sector @ 0x00011F00 if necessary
T2934 2493:684.480    -- Filling invalid ranges in sector buffer (flash cache) for sector @ 0x00012000 if necessary
T2934 2493:684.480    -- Filling invalid ranges in sector buffer (flash cache) for sector @ 0x00012100 if necessary
T2934 2493:684.736    -- Filling invalid ranges in sector buffer (flash cache) for sector @ 0x00012200 if necessary
T2934 2493:684.736    -- Filling invalid ranges in sector buffer (flash cache) for sector @ 0x00012300 if necessary
T2934 2493:684.736    -- Filling invalid ranges in sector buffer (flash cache) for sector @ 0x00012400 if necessary
T2934 2493:684.736    -- Filling invalid ranges in sector buffer (flash cache) for sector @ 0x00012500 if necessary
T2934 2493:684.736    -- Filling invalid ranges in sector buffer (flash cache) for sector @ 0x00012600 if necessary
T2934 2493:684.992    -- Filling invalid ranges in sector buffer (flash cache) for sector @ 0x00012700 if necessary
T2934 2493:684.992    -- Filling invalid ranges in sector buffer (flash cache) for sector @ 0x00012800 if necessary
T2934 2493:684.992    -- Filling invalid ranges in sector buffer (flash cache) for sector @ 0x00012900 if necessary
T2934 2493:684.992    -- Filling invalid ranges in sector buffer (flash cache) for sector @ 0x00012A00 if necessary
T2934 2493:684.992    -- Filling invalid ranges in sector buffer (flash cache) for sector @ 0x00012B00 if necessary
T2934 2493:685.248    -- Filling invalid ranges in sector buffer (flash cache) for sector @ 0x00012C00 if necessary
T2934 2493:685.248    -- Filling invalid ranges in sector buffer (flash cache) for sector @ 0x00012D00 if necessary
T2934 2493:685.248    -- Filling invalid ranges in sector buffer (flash cache) for sector @ 0x00012E00 if necessary
T2934 2493:685.248    -- Filling invalid ranges in sector buffer (flash cache) for sector @ 0x00012F00 if necessary
T2934 2493:685.248    -- Filling invalid ranges in sector buffer (flash cache) for sector @ 0x00013000 if necessary
T2934 2493:685.248    -- Filling invalid ranges in sector buffer (flash cache) for sector @ 0x00013100 if necessary
T2934 2493:685.248    -- Filling invalid ranges in sector buffer (flash cache) for sector @ 0x00013200 if necessary
T2934 2493:685.248    -- Filling invalid ranges in sector buffer (flash cache) for sector @ 0x00013300 if necessary
T2934 2493:685.248    -- Filling invalid ranges in sector buffer (flash cache) for sector @ 0x00013400 if necessary
T2934 2493:685.248    -- Filling invalid ranges in sector buffer (flash cache) for sector @ 0x00013500 if necessary
T2934 2493:685.248    -- Filling invalid ranges in sector buffer (flash cache) for sector @ 0x00013600 if necessary
T2934 2493:685.504    -- Filling invalid ranges in sector buffer (flash cache) for sector @ 0x00013700 if necessary
T2934 2493:685.504    -- Filling invalid ranges in sector buffer (flash cache) for sector @ 0x00013800 if necessary
T2934 2493:685.504    -- Filling invalid ranges in sector buffer (flash cache) for sector @ 0x00013900 if necessary
T2934 2493:685.504    -- Filling invalid ranges in sector buffer (flash cache) for sector @ 0x00013A00 if necessary
T2934 2493:685.504    -- Filling invalid ranges in sector buffer (flash cache) for sector @ 0x00013B00 if necessary
T2934 2493:685.504    -- Filling invalid ranges in sector buffer (flash cache) for sector @ 0x00013C00 if necessary
T2934 2493:685.504    -- Filling invalid ranges in sector buffer (flash cache) for sector @ 0x00013D00 if necessary
T2934 2493:685.760    -- Filling invalid ranges in sector buffer (flash cache) for sector @ 0x00013E00 if necessary
T2934 2493:685.760    -- Filling invalid ranges in sector buffer (flash cache) for sector @ 0x00013F00 if necessary
T2934 2493:685.760    -- Filling invalid ranges in sector buffer (flash cache) for sector @ 0x00014000 if necessary
T2934 2493:685.760    -- Filling invalid ranges in sector buffer (flash cache) for sector @ 0x00014100 if necessary
T2934 2493:685.760    -- Filling invalid ranges in sector buffer (flash cache) for sector @ 0x00014200 if necessary
T2934 2493:685.760    -- Filling invalid ranges in sector buffer (flash cache) for sector @ 0x00014300 if necessary
T2934 2493:685.760    -- Filling invalid ranges in sector buffer (flash cache) for sector @ 0x00014400 if necessary
T2934 2493:686.016    -- Filling invalid ranges in sector buffer (flash cache) for sector @ 0x00014500 if necessary
T2934 2493:686.016    -- Filling invalid ranges in sector buffer (flash cache) for sector @ 0x00014600 if necessary
T2934 2493:686.016    -- Filling invalid ranges in sector buffer (flash cache) for sector @ 0x00014700 if necessary
T2934 2493:686.016    -- Filling invalid ranges in sector buffer (flash cache) for sector @ 0x00014800 if necessary
T2934 2493:686.016    -- Filling invalid ranges in sector buffer (flash cache) for sector @ 0x00014900 if necessary
T2934 2493:686.016    -- Filling invalid ranges in sector buffer (flash cache) for sector @ 0x00014A00 if necessary
T2934 2493:686.016    -- Filling invalid ranges in sector buffer (flash cache) for sector @ 0x00014B00 if necessary
T2934 2493:686.016    -- Filling invalid ranges in sector buffer (flash cache) for sector @ 0x00014C00 if necessary
T2934 2493:686.272    -- Filling invalid ranges in sector buffer (flash cache) for sector @ 0x00014D00 if necessary
T2934 2493:686.272    -- Filling invalid ranges in sector buffer (flash cache) for sector @ 0x00014E00 if necessary
T2934 2493:686.272    -- Filling invalid ranges in sector buffer (flash cache) for sector @ 0x00014F00 if necessary
T2934 2493:686.272    -- Filling invalid ranges in sector buffer (flash cache) for sector @ 0x00015000 if necessary
T2934 2493:686.272    -- Filling invalid ranges in sector buffer (flash cache) for sector @ 0x00015100 if necessary
T2934 2493:686.272    -- Filling invalid ranges in sector buffer (flash cache) for sector @ 0x00015200 if necessary
T2934 2493:686.272    -- Filling invalid ranges in sector buffer (flash cache) for sector @ 0x00015300 if necessary
T2934 2493:686.272    -- Filling invalid ranges in sector buffer (flash cache) for sector @ 0x00015400 if necessary
T2934 2493:686.272    -- Filling invalid ranges in sector buffer (flash cache) for sector @ 0x00015500 if necessary
T2934 2493:686.272    -- Filling invalid ranges in sector buffer (flash cache) for sector @ 0x00015600 if necessary
T2934 2493:686.272    -- Filling invalid ranges in sector buffer (flash cache) for sector @ 0x00015700 if necessary
T2934 2493:686.272    -- Filling invalid ranges in sector buffer (flash cache) for sector @ 0x00015800 if necessary
T2934 2493:686.272    -- Filling invalid ranges in sector buffer (flash cache) for sector @ 0x00015900 if necessary
T2934 2493:686.272    -- Filling invalid ranges in sector buffer (flash cache) for sector @ 0x00015A00 if necessary
T2934 2493:686.272    -- Filling invalid ranges in sector buffer (flash cache) for sector @ 0x00015B00 if necessary
T2934 2493:686.528    -- Filling invalid ranges in sector buffer (flash cache) for sector @ 0x00015C00 if necessary
T2934 2493:686.528    -- Filling invalid ranges in sector buffer (flash cache) for sector @ 0x00015D00 if necessary
T2934 2493:686.528    -- Filling invalid ranges in sector buffer (flash cache) for sector @ 0x00015E00 if necessary
T2934 2493:686.528    -- Filling invalid ranges in sector buffer (flash cache) for sector @ 0x00015F00 if necessary
T2934 2493:686.528    -- Filling invalid ranges in sector buffer (flash cache) for sector @ 0x00016000 if necessary
T2934 2493:686.528    -- Filling invalid ranges in sector buffer (flash cache) for sector @ 0x00016100 if necessary
T2934 2493:686.528    -- Filling invalid ranges in sector buffer (flash cache) for sector @ 0x00016200 if necessary
T2934 2493:686.784    -- Filling invalid ranges in sector buffer (flash cache) for sector @ 0x00016300 if necessary
T2934 2493:686.784    -- Filling invalid ranges in sector buffer (flash cache) for sector @ 0x00016400 if necessary
T2934 2493:686.784    -- Filling invalid ranges in sector buffer (flash cache) for sector @ 0x00016500 if necessary
T2934 2493:686.784    -- Filling invalid ranges in sector buffer (flash cache) for sector @ 0x00016600 if necessary
T2934 2493:686.784    -- Filling invalid ranges in sector buffer (flash cache) for sector @ 0x00016700 if necessary
T2934 2493:686.784    -- Filling invalid ranges in sector buffer (flash cache) for sector @ 0x00016800 if necessary
T2934 2493:686.784    -- Filling invalid ranges in sector buffer (flash cache) for sector @ 0x00016900 if necessary
T2934 2493:686.784    -- Filling invalid ranges in sector buffer (flash cache) for sector @ 0x00016A00 if necessary
T2934 2493:687.040    -- Filling invalid ranges in sector buffer (flash cache) for sector @ 0x00016B00 if necessary
T2934 2493:687.040    -- Filling invalid ranges in sector buffer (flash cache) for sector @ 0x00016C00 if necessary
T2934 2493:687.040    -- Filling invalid ranges in sector buffer (flash cache) for sector @ 0x00016D00 if necessary
T2934 2493:687.040    -- Filling invalid ranges in sector buffer (flash cache) for sector @ 0x00016E00 if necessary
T2934 2493:687.040    -- Filling invalid ranges in sector buffer (flash cache) for sector @ 0x00016F00 if necessary
T2934 2493:687.040    -- Filling invalid ranges in sector buffer (flash cache) for sector @ 0x00017000 if necessary
T2934 2493:687.040    -- Filling invalid ranges in sector buffer (flash cache) for sector @ 0x00017100 if necessary
T2934 2493:687.296    -- Filling invalid ranges in sector buffer (flash cache) for sector @ 0x00017200 if necessary
T2934 2493:687.296    -- Filling invalid ranges in sector buffer (flash cache) for sector @ 0x00017300 if necessary
T2934 2493:687.296    -- Filling invalid ranges in sector buffer (flash cache) for sector @ 0x00017400 if necessary
T2934 2493:687.296    -- Filling invalid ranges in sector buffer (flash cache) for sector @ 0x00017500 if necessary
T2934 2493:687.296    -- Filling invalid ranges in sector buffer (flash cache) for sector @ 0x00017600 if necessary
T2934 2493:687.296    -- Filling invalid ranges in sector buffer (flash cache) for sector @ 0x00017700 if necessary
T2934 2493:687.296    -- Filling invalid ranges in sector buffer (flash cache) for sector @ 0x00017800 if necessary
T2934 2493:687.296    -- Filling invalid ranges in sector buffer (flash cache) for sector @ 0x00017900 if necessary
T2934 2493:687.296    -- Filling invalid ranges in sector buffer (flash cache) for sector @ 0x00017A00 if necessary
T2934 2493:687.552    -- Filling invalid ranges in sector buffer (flash cache) for sector @ 0x00017B00 if necessary
T2934 2493:687.552    -- Filling invalid ranges in sector buffer (flash cache) for sector @ 0x00017C00 if necessary
T2934 2493:687.552    -- Filling invalid ranges in sector buffer (flash cache) for sector @ 0x00017D00 if necessary
T2934 2493:687.552    -- Filling invalid ranges in sector buffer (flash cache) for sector @ 0x00017E00 if necessary
T2934 2493:687.552    -- Filling invalid ranges in sector buffer (flash cache) for sector @ 0x00017F00 if necessary
T2934 2493:687.808    -- Filling invalid ranges in sector buffer (flash cache) for sector @ 0x00018000 if necessary
T2934 2493:687.808    -- Filling invalid ranges in sector buffer (flash cache) for sector @ 0x00018100 if necessary
T2934 2493:687.808    -- Filling invalid ranges in sector buffer (flash cache) for sector @ 0x00018200 if necessary
T2934 2493:687.808    -- Filling invalid ranges in sector buffer (flash cache) for sector @ 0x00018300 if necessary
T2934 2493:687.808    -- Filling invalid ranges in sector buffer (flash cache) for sector @ 0x00018400 if necessary
T2934 2493:688.064    -- Filling invalid ranges in sector buffer (flash cache) for sector @ 0x00018500 if necessary
T2934 2493:688.064    -- Filling invalid ranges in sector buffer (flash cache) for sector @ 0x00018600 if necessary
T2934 2493:688.064    -- Filling invalid ranges in sector buffer (flash cache) for sector @ 0x00018700 if necessary
T2934 2493:688.064    -- Filling invalid ranges in sector buffer (flash cache) for sector @ 0x00018800 if necessary
T2934 2493:688.064    -- Filling invalid ranges in sector buffer (flash cache) for sector @ 0x00018900 if necessary
T2934 2493:688.064    -- Filling invalid ranges in sector buffer (flash cache) for sector @ 0x00018A00 if necessary
T2934 2493:688.320    -- Filling invalid ranges in sector buffer (flash cache) for sector @ 0x00018B00 if necessary
T2934 2493:688.320    -- Filling invalid ranges in sector buffer (flash cache) for sector @ 0x00018C00 if necessary
T2934 2493:688.320    -- Filling invalid ranges in sector buffer (flash cache) for sector @ 0x00018D00 if necessary
T2934 2493:688.320    -- Filling invalid ranges in sector buffer (flash cache) for sector @ 0x00018E00 if necessary
T2934 2493:688.320    -- Filling invalid ranges in sector buffer (flash cache) for sector @ 0x00018F00 if necessary
T2934 2493:688.320    -- Filling invalid ranges in sector buffer (flash cache) for sector @ 0x00019000 if necessary
T2934 2493:688.320    -- Filling invalid ranges in sector buffer (flash cache) for sector @ 0x00019100 if necessary
T2934 2493:688.320    -- Filling invalid ranges in sector buffer (flash cache) for sector @ 0x00019200 if necessary
T2934 2493:688.320    -- Filling invalid ranges in sector buffer (flash cache) for sector @ 0x00019300 if necessary
T2934 2493:688.320    -- Filling invalid ranges in sector buffer (flash cache) for sector @ 0x00019400 if necessary
T2934 2493:688.320    -- Filling invalid ranges in sector buffer (flash cache) for sector @ 0x00019500 if necessary
T2934 2493:688.320    -- Filling invalid ranges in sector buffer (flash cache) for sector @ 0x00019600 if necessary
T2934 2493:688.320    -- Filling invalid ranges in sector buffer (flash cache) for sector @ 0x00019700 if necessary
T2934 2493:688.320    -- Filling invalid ranges in sector buffer (flash cache) for sector @ 0x00019800 if necessary
T2934 2493:688.576    -- Filling invalid ranges in sector buffer (flash cache) for sector @ 0x00019900 if necessary
T2934 2493:688.576    -- Filling invalid ranges in sector buffer (flash cache) for sector @ 0x00019A00 if necessary
T2934 2493:688.576    -- Filling invalid ranges in sector buffer (flash cache) for sector @ 0x00019B00 if necessary
T2934 2493:688.576    -- Filling invalid ranges in sector buffer (flash cache) for sector @ 0x00019C00 if necessary
T2934 2493:688.576    -- Filling invalid ranges in sector buffer (flash cache) for sector @ 0x00019D00 if necessary
T2934 2493:688.576    -- Filling invalid ranges in sector buffer (flash cache) for sector @ 0x00019E00 if necessary
T2934 2493:688.576    -- Filling invalid ranges in sector buffer (flash cache) for sector @ 0x00019F00 if necessary
T2934 2493:688.576    -- Filling invalid ranges in sector buffer (flash cache) for sector @ 0x0001A000 if necessary
T2934 2493:688.832    -- Filling invalid ranges in sector buffer (flash cache) for sector @ 0x0001A100 if necessary
T2934 2493:688.832    -- Filling invalid ranges in sector buffer (flash cache) for sector @ 0x0001A200 if necessary
T2934 2493:688.832    -- Filling invalid ranges in sector buffer (flash cache) for sector @ 0x0001A300 if necessary
T2934 2493:688.832    -- Filling invalid ranges in sector buffer (flash cache) for sector @ 0x0001A400 if necessary
T2934 2493:688.832    -- Filling invalid ranges in sector buffer (flash cache) for sector @ 0x0001A500 if necessary
T2934 2493:688.832    -- Filling invalid ranges in sector buffer (flash cache) for sector @ 0x0001A600 if necessary
T2934 2493:688.832    -- Filling invalid ranges in sector buffer (flash cache) for sector @ 0x0001A700 if necessary
T2934 2493:689.088    -- Filling invalid ranges in sector buffer (flash cache) for sector @ 0x0001A800 if necessary
T2934 2493:689.088    -- Filling invalid ranges in sector buffer (flash cache) for sector @ 0x0001A900 if necessary
T2934 2493:689.088    -- Filling invalid ranges in sector buffer (flash cache) for sector @ 0x0001AA00 if necessary
T2934 2493:689.088    -- Filling invalid ranges in sector buffer (flash cache) for sector @ 0x0001AB00 if necessary
T2934 2493:689.088    -- Filling invalid ranges in sector buffer (flash cache) for sector @ 0x0001AC00 if necessary
T2934 2493:689.088    -- Filling invalid ranges in sector buffer (flash cache) for sector @ 0x0001AD00 if necessary
T2934 2493:689.088    -- Filling invalid ranges in sector buffer (flash cache) for sector @ 0x0001AE00 if necessary
T2934 2493:689.344    -- Filling invalid ranges in sector buffer (flash cache) for sector @ 0x0001AF00 if necessary
T2934 2493:689.344    -- Filling invalid ranges in sector buffer (flash cache) for sector @ 0x0001B000 if necessary
T2934 2493:689.344    -- Filling invalid ranges in sector buffer (flash cache) for sector @ 0x0001B100 if necessary
T2934 2493:689.344    -- Filling invalid ranges in sector buffer (flash cache) for sector @ 0x0001B200 if necessary
T2934 2493:689.344    -- Filling invalid ranges in sector buffer (flash cache) for sector @ 0x0001B300 if necessary
T2934 2493:689.344    -- Filling invalid ranges in sector buffer (flash cache) for sector @ 0x0001B400 if necessary
T2934 2493:689.344    -- Filling invalid ranges in sector buffer (flash cache) for sector @ 0x0001B500 if necessary
T2934 2493:689.344    -- Filling invalid ranges in sector buffer (flash cache) for sector @ 0x0001B600 if necessary
T2934 2493:689.344    -- Filling invalid ranges in sector buffer (flash cache) for sector @ 0x0001B700 if necessary
T2934 2493:689.344    -- Filling invalid ranges in sector buffer (flash cache) for sector @ 0x0001B800 if necessary
T2934 2493:689.344    -- Filling invalid ranges in sector buffer (flash cache) for sector @ 0x0001B900 if necessary
T2934 2493:689.344    -- Filling invalid ranges in sector buffer (flash cache) for sector @ 0x0001BA00 if necessary
T2934 2493:689.344    -- Filling invalid ranges in sector buffer (flash cache) for sector @ 0x0001BB00 if necessary
T2934 2493:689.344    -- Filling invalid ranges in sector buffer (flash cache) for sector @ 0x0001BC00 if necessary
T2934 2493:689.344    -- Filling invalid ranges in sector buffer (flash cache) for sector @ 0x0001BD00 if necessary
T2934 2493:689.600    -- Filling invalid ranges in sector buffer (flash cache) for sector @ 0x0001BE00 if necessary
T2934 2493:689.600    -- Filling invalid ranges in sector buffer (flash cache) for sector @ 0x0001BF00 if necessary
T2934 2493:689.600    -- Filling invalid ranges in sector buffer (flash cache) for sector @ 0x0001C000 if necessary
T2934 2493:689.600    -- Filling invalid ranges in sector buffer (flash cache) for sector @ 0x0001C100 if necessary
T2934 2493:689.600    -- Filling invalid ranges in sector buffer (flash cache) for sector @ 0x0001C200 if necessary
T2934 2493:689.600    -- Filling invalid ranges in sector buffer (flash cache) for sector @ 0x0001C300 if necessary
T2934 2493:689.600    -- Filling invalid ranges in sector buffer (flash cache) for sector @ 0x0001C400 if necessary
T2934 2493:689.856    -- Filling invalid ranges in sector buffer (flash cache) for sector @ 0x0001C500 if necessary
T2934 2493:689.856    -- Filling invalid ranges in sector buffer (flash cache) for sector @ 0x0001C600 if necessary
T2934 2493:689.856    -- Filling invalid ranges in sector buffer (flash cache) for sector @ 0x0001C700 if necessary
T2934 2493:689.856    -- Filling invalid ranges in sector buffer (flash cache) for sector @ 0x0001C800 if necessary
T2934 2493:689.856    -- Filling invalid ranges in sector buffer (flash cache) for sector @ 0x0001C900 if necessary
T2934 2493:689.856    -- Filling invalid ranges in sector buffer (flash cache) for sector @ 0x0001CA00 if necessary
T2934 2493:689.856    -- Filling invalid ranges in sector buffer (flash cache) for sector @ 0x0001CB00 if necessary
T2934 2493:690.112    -- Filling invalid ranges in sector buffer (flash cache) for sector @ 0x0001CC00 if necessary
T2934 2493:690.112    -- Filling invalid ranges in sector buffer (flash cache) for sector @ 0x0001CD00 if necessary
T2934 2493:690.112    -- Filling invalid ranges in sector buffer (flash cache) for sector @ 0x0001CE00 if necessary
T2934 2493:690.112    -- Filling invalid ranges in sector buffer (flash cache) for sector @ 0x0001CF00 if necessary
T2934 2493:690.112    -- Filling invalid ranges in sector buffer (flash cache) for sector @ 0x0001D000 if necessary
T2934 2493:690.112    -- Filling invalid ranges in sector buffer (flash cache) for sector @ 0x0001D100 if necessary
T2934 2493:690.112    -- Filling invalid ranges in sector buffer (flash cache) for sector @ 0x0001D200 if necessary
T2934 2493:690.112    -- Filling invalid ranges in sector buffer (flash cache) for sector @ 0x0001D300 if necessary
T2934 2493:690.368    -- Filling invalid ranges in sector buffer (flash cache) for sector @ 0x0001D400 if necessary
T2934 2493:690.368    -- Filling invalid ranges in sector buffer (flash cache) for sector @ 0x0001D500 if necessary
T2934 2493:690.368    -- Filling invalid ranges in sector buffer (flash cache) for sector @ 0x0001D600 if necessary
T2934 2493:690.368    -- Filling invalid ranges in sector buffer (flash cache) for sector @ 0x0001D700 if necessary
T2934 2493:690.368    -- Filling invalid ranges in sector buffer (flash cache) for sector @ 0x0001D800 if necessary
T2934 2493:690.368    -- Filling invalid ranges in sector buffer (flash cache) for sector @ 0x0001D900 if necessary
T2934 2493:690.368    -- Filling invalid ranges in sector buffer (flash cache) for sector @ 0x0001DA00 if necessary
T2934 2493:690.368    -- Filling invalid ranges in sector buffer (flash cache) for sector @ 0x0001DB00 if necessary
T2934 2493:690.368    -- Filling invalid ranges in sector buffer (flash cache) for sector @ 0x0001DC00 if necessary
T2934 2493:690.368    -- Filling invalid ranges in sector buffer (flash cache) for sector @ 0x0001DD00 if necessary
T2934 2493:690.368    -- Filling invalid ranges in sector buffer (flash cache) for sector @ 0x0001DE00 if necessary
T2934 2493:690.368    -- Filling invalid ranges in sector buffer (flash cache) for sector @ 0x0001DF00 if necessary
T2934 2493:690.368    -- Filling invalid ranges in sector buffer (flash cache) for sector @ 0x0001E000 if necessary
T2934 2493:690.624    -- Filling invalid ranges in sector buffer (flash cache) for sector @ 0x0001E100 if necessary
T2934 2493:690.624    -- Filling invalid ranges in sector buffer (flash cache) for sector @ 0x0001E200 if necessary
T2934 2493:690.624    -- Filling invalid ranges in sector buffer (flash cache) for sector @ 0x0001E300 if necessary
T2934 2493:690.624    -- Filling invalid ranges in sector buffer (flash cache) for sector @ 0x0001E400 if necessary
T2934 2493:690.624    -- Filling invalid ranges in sector buffer (flash cache) for sector @ 0x0001E500 if necessary
T2934 2493:690.880    -- Filling invalid ranges in sector buffer (flash cache) for sector @ 0x0001E600 if necessary
T2934 2493:690.880    -- Filling invalid ranges in sector buffer (flash cache) for sector @ 0x0001E700 if necessary
T2934 2493:690.880    -- Filling invalid ranges in sector buffer (flash cache) for sector @ 0x0001E800 if necessary
T2934 2493:690.880    -- Filling invalid ranges in sector buffer (flash cache) for sector @ 0x0001E900 if necessary
T2934 2493:690.880    -- Filling invalid ranges in sector buffer (flash cache) for sector @ 0x0001EA00 if necessary
T2934 2493:691.136    -- Filling invalid ranges in sector buffer (flash cache) for sector @ 0x0001EB00 if necessary
T2934 2493:691.136    -- Filling invalid ranges in sector buffer (flash cache) for sector @ 0x0001EC00 if necessary
T2934 2493:691.136    -- Filling invalid ranges in sector buffer (flash cache) for sector @ 0x0001ED00 if necessary
T2934 2493:691.136    -- Filling invalid ranges in sector buffer (flash cache) for sector @ 0x0001EE00 if necessary
T2934 2493:691.136    -- Filling invalid ranges in sector buffer (flash cache) for sector @ 0x0001EF00 if necessary
T2934 2493:691.392    -- Filling invalid ranges in sector buffer (flash cache) for sector @ 0x0001F000 if necessary
T2934 2493:691.392    -- Filling invalid ranges in sector buffer (flash cache) for sector @ 0x0001F100 if necessary
T2934 2493:691.392    -- Filling invalid ranges in sector buffer (flash cache) for sector @ 0x0001F200 if necessary
T2934 2493:691.392    -- Filling invalid ranges in sector buffer (flash cache) for sector @ 0x0001F300 if necessary
T2934 2493:691.392    -- Filling invalid ranges in sector buffer (flash cache) for sector @ 0x0001F400 if necessary
T2934 2493:691.392    -- Filling invalid ranges in sector buffer (flash cache) for sector @ 0x0001F500 if necessary
T2934 2493:691.392    -- Filling invalid ranges in sector buffer (flash cache) for sector @ 0x0001F600 if necessary
T2934 2493:691.392    -- Filling invalid ranges in sector buffer (flash cache) for sector @ 0x0001F700 if necessary
T2934 2493:691.392    -- Filling invalid ranges in sector buffer (flash cache) for sector @ 0x0001F800 if necessary
T2934 2493:691.392    -- Filling invalid ranges in sector buffer (flash cache) for sector @ 0x0001F900 if necessary
T2934 2493:691.392    -- Filling invalid ranges in sector buffer (flash cache) for sector @ 0x0001FA00 if necessary
T2934 2493:691.648    -- Filling invalid ranges in sector buffer (flash cache) for sector @ 0x0001FB00 if necessary
T2934 2493:691.648    -- Filling invalid ranges in sector buffer (flash cache) for sector @ 0x0001FC00 if necessary
T2934 2493:691.648    -- Filling invalid ranges in sector buffer (flash cache) for sector @ 0x0001FD00 if necessary
T2934 2493:691.648    -- Filling invalid ranges in sector buffer (flash cache) for sector @ 0x0001FE00 if necessary
T2934 2493:691.648    -- Filling invalid ranges in sector buffer (flash cache) for sector @ 0x0001FF00 if necessary
T2934 2493:691.648    -- Filling invalid ranges in sector buffer (flash cache) for sector @ 0x00020000 if necessary
T2934 2493:691.904    -- Filling invalid ranges in sector buffer (flash cache) for sector @ 0x00020100 if necessary
T2934 2493:691.904    -- Filling invalid ranges in sector buffer (flash cache) for sector @ 0x00020200 if necessary
T2934 2493:691.904    -- Filling invalid ranges in sector buffer (flash cache) for sector @ 0x00020300 if necessary
T2934 2493:691.904    -- Filling invalid ranges in sector buffer (flash cache) for sector @ 0x00020400 if necessary
T2934 2493:691.904    -- Filling invalid ranges in sector buffer (flash cache) for sector @ 0x00020500 if necessary
T2934 2493:691.904    -- Filling invalid ranges in sector buffer (flash cache) for sector @ 0x00020600 if necessary
T2934 2493:692.160    -- Filling invalid ranges in sector buffer (flash cache) for sector @ 0x00020700 if necessary
T2934 2493:692.160    -- Filling invalid ranges in sector buffer (flash cache) for sector @ 0x00020800 if necessary
T2934 2493:692.160    -- Filling invalid ranges in sector buffer (flash cache) for sector @ 0x00020900 if necessary
T2934 2493:692.160    -- Filling invalid ranges in sector buffer (flash cache) for sector @ 0x00020A00 if necessary
T2934 2493:692.160    -- Filling invalid ranges in sector buffer (flash cache) for sector @ 0x00020B00 if necessary
T2934 2493:692.160    -- Filling invalid ranges in sector buffer (flash cache) for sector @ 0x00020C00 if necessary
T2934 2493:692.416    -- Filling invalid ranges in sector buffer (flash cache) for sector @ 0x00020D00 if necessary
T2934 2493:692.416    -- Filling invalid ranges in sector buffer (flash cache) for sector @ 0x00020E00 if necessary
T2934 2493:692.416    -- Filling invalid ranges in sector buffer (flash cache) for sector @ 0x00020F00 if necessary
T2934 2493:692.416    -- Filling invalid ranges in sector buffer (flash cache) for sector @ 0x00021000 if necessary
T2934 2493:692.416    -- Filling invalid ranges in sector buffer (flash cache) for sector @ 0x00021100 if necessary
T2934 2493:692.416    -- Filling invalid ranges in sector buffer (flash cache) for sector @ 0x00021200 if necessary
T2934 2493:692.416    -- Filling invalid ranges in sector buffer (flash cache) for sector @ 0x00021300 if necessary
T2934 2493:692.416    -- Filling invalid ranges in sector buffer (flash cache) for sector @ 0x00021400 if necessary
T2934 2493:692.416    -- Filling invalid ranges in sector buffer (flash cache) for sector @ 0x00021500 if necessary
T2934 2493:692.416    -- Filling invalid ranges in sector buffer (flash cache) for sector @ 0x00021600 if necessary
T2934 2493:692.416    -- Filling invalid ranges in sector buffer (flash cache) for sector @ 0x00021700 if necessary
T2934 2493:692.416    -- Filling invalid ranges in sector buffer (flash cache) for sector @ 0x00021800 if necessary
T2934 2493:692.416    -- Filling invalid ranges in sector buffer (flash cache) for sector @ 0x00021900 if necessary
T2934 2493:692.416    -- Filling invalid ranges in sector buffer (flash cache) for sector @ 0x00021A00 if necessary
T2934 2493:692.416    -- Filling invalid ranges in sector buffer (flash cache) for sector @ 0x00021B00 if necessary
T2934 2493:692.672    -- Filling invalid ranges in sector buffer (flash cache) for sector @ 0x00021C00 if necessary
T2934 2493:692.672    -- Filling invalid ranges in sector buffer (flash cache) for sector @ 0x00021D00 if necessary
T2934 2493:692.672    -- Filling invalid ranges in sector buffer (flash cache) for sector @ 0x00021E00 if necessary
T2934 2493:692.672    -- Filling invalid ranges in sector buffer (flash cache) for sector @ 0x00021F00 if necessary
T2934 2493:692.672    -- Filling invalid ranges in sector buffer (flash cache) for sector @ 0x00022000 if necessary
T2934 2493:692.672    -- Filling invalid ranges in sector buffer (flash cache) for sector @ 0x00022100 if necessary
T2934 2493:692.672    -- Filling invalid ranges in sector buffer (flash cache) for sector @ 0x00022200 if necessary
T2934 2493:692.672    -- Filling invalid ranges in sector buffer (flash cache) for sector @ 0x00022300 if necessary
T2934 2493:692.928    -- Filling invalid ranges in sector buffer (flash cache) for sector @ 0x00022400 if necessary
T2934 2493:692.928    -- Filling invalid ranges in sector buffer (flash cache) for sector @ 0x00022500 if necessary
T2934 2493:692.928    -- Filling invalid ranges in sector buffer (flash cache) for sector @ 0x00022600 if necessary
T2934 2493:692.928    -- Filling invalid ranges in sector buffer (flash cache) for sector @ 0x00022700 if necessary
T2934 2493:692.928    -- Filling invalid ranges in sector buffer (flash cache) for sector @ 0x00022800 if necessary
T2934 2493:692.928    -- Filling invalid ranges in sector buffer (flash cache) for sector @ 0x00022900 if necessary
T2934 2493:693.184    -- Filling invalid ranges in sector buffer (flash cache) for sector @ 0x00022A00 if necessary
T2934 2493:693.184    -- Filling invalid ranges in sector buffer (flash cache) for sector @ 0x00022B00 if necessary
T2934 2493:693.184    -- Filling invalid ranges in sector buffer (flash cache) for sector @ 0x00022C00 if necessary
T2934 2493:693.184    -- Filling invalid ranges in sector buffer (flash cache) for sector @ 0x00022D00 if necessary
T2934 2493:693.184    -- Filling invalid ranges in sector buffer (flash cache) for sector @ 0x00022E00 if necessary
T2934 2493:693.184    -- Filling invalid ranges in sector buffer (flash cache) for sector @ 0x00022F00 if necessary
T2934 2493:693.440    -- Filling invalid ranges in sector buffer (flash cache) for sector @ 0x00023000 if necessary
T2934 2493:693.440    -- Filling invalid ranges in sector buffer (flash cache) for sector @ 0x00023100 if necessary
T2934 2493:693.440    -- Filling invalid ranges in sector buffer (flash cache) for sector @ 0x00023200 if necessary
T2934 2493:693.440    -- Filling invalid ranges in sector buffer (flash cache) for sector @ 0x00023300 if necessary
T2934 2493:693.440    -- Filling invalid ranges in sector buffer (flash cache) for sector @ 0x00023400 if necessary
T2934 2493:693.440    -- Filling invalid ranges in sector buffer (flash cache) for sector @ 0x00023500 if necessary
T2934 2493:693.440    -- Filling invalid ranges in sector buffer (flash cache) for sector @ 0x00023600 if necessary
T2934 2493:693.440    -- Filling invalid ranges in sector buffer (flash cache) for sector @ 0x00023700 if necessary
T2934 2493:693.440    -- Filling invalid ranges in sector buffer (flash cache) for sector @ 0x00023800 if necessary
T2934 2493:693.440    -- Filling invalid ranges in sector buffer (flash cache) for sector @ 0x00023900 if necessary
T2934 2493:693.440    -- Filling invalid ranges in sector buffer (flash cache) for sector @ 0x00023A00 if necessary
T2934 2493:693.440    -- Filling invalid ranges in sector buffer (flash cache) for sector @ 0x00023B00 if necessary
T2934 2493:693.440    -- Filling invalid ranges in sector buffer (flash cache) for sector @ 0x00023C00 if necessary
T2934 2493:693.696    -- Filling invalid ranges in sector buffer (flash cache) for sector @ 0x00023D00 if necessary
T2934 2493:693.696    -- Filling invalid ranges in sector buffer (flash cache) for sector @ 0x00023E00 if necessary
T2934 2493:693.696    -- Filling invalid ranges in sector buffer (flash cache) for sector @ 0x00023F00 if necessary
T2934 2493:693.696    -- Filling invalid ranges in sector buffer (flash cache) for sector @ 0x00024000 if necessary
T2934 2493:693.696    -- Filling invalid ranges in sector buffer (flash cache) for sector @ 0x00024100 if necessary
T2934 2493:693.696    -- Filling invalid ranges in sector buffer (flash cache) for sector @ 0x00024200 if necessary
T2934 2493:693.952    -- Filling invalid ranges in sector buffer (flash cache) for sector @ 0x00024300 if necessary
T2934 2493:693.952    -- Filling invalid ranges in sector buffer (flash cache) for sector @ 0x00024400 if necessary
T2934 2493:693.952    -- Filling invalid ranges in sector buffer (flash cache) for sector @ 0x00024500 if necessary
T2934 2493:693.952    -- Filling invalid ranges in sector buffer (flash cache) for sector @ 0x00024600 if necessary
T2934 2493:693.952    -- Filling invalid ranges in sector buffer (flash cache) for sector @ 0x00024700 if necessary
T2934 2493:694.208    -- Filling invalid ranges in sector buffer (flash cache) for sector @ 0x00024800 if necessary
T2934 2493:694.208    -- Filling invalid ranges in sector buffer (flash cache) for sector @ 0x00024900 if necessary
T2934 2493:694.208    -- Filling invalid ranges in sector buffer (flash cache) for sector @ 0x00024A00 if necessary
T2934 2493:694.208    -- Filling invalid ranges in sector buffer (flash cache) for sector @ 0x00024B00 if necessary
T2934 2493:694.208    -- Filling invalid ranges in sector buffer (flash cache) for sector @ 0x00024C00 if necessary
T2934 2493:694.464    -- Filling invalid ranges in sector buffer (flash cache) for sector @ 0x00024D00 if necessary
T2934 2493:694.464    -- Filling invalid ranges in sector buffer (flash cache) for sector @ 0x00024E00 if necessary
T2934 2493:694.464    -- Filling invalid ranges in sector buffer (flash cache) for sector @ 0x00024F00 if necessary
T2934 2493:694.464    -- Filling invalid ranges in sector buffer (flash cache) for sector @ 0x00025000 if necessary
T2934 2493:694.464    -- Filling invalid ranges in sector buffer (flash cache) for sector @ 0x00025100 if necessary
T2934 2493:694.464    -- Filling invalid ranges in sector buffer (flash cache) for sector @ 0x00025200 if necessary
T2934 2493:694.464    -- Filling invalid ranges in sector buffer (flash cache) for sector @ 0x00025300 if necessary
T2934 2493:694.464    -- Filling invalid ranges in sector buffer (flash cache) for sector @ 0x00025400 if necessary
T2934 2493:694.464    -- Filling invalid ranges in sector buffer (flash cache) for sector @ 0x00025500 if necessary
T2934 2493:694.464    -- Filling invalid ranges in sector buffer (flash cache) for sector @ 0x00025600 if necessary
T2934 2493:694.464    -- Filling invalid ranges in sector buffer (flash cache) for sector @ 0x00025700 if necessary
T2934 2493:694.720    -- Filling invalid ranges in sector buffer (flash cache) for sector @ 0x00025800 if necessary
T2934 2493:694.720    -- Filling invalid ranges in sector buffer (flash cache) for sector @ 0x00025900 if necessary
T2934 2493:694.720    -- Filling invalid ranges in sector buffer (flash cache) for sector @ 0x00025A00 if necessary
T2934 2493:694.720    -- Filling invalid ranges in sector buffer (flash cache) for sector @ 0x00025B00 if necessary
T2934 2493:694.720    -- Filling invalid ranges in sector buffer (flash cache) for sector @ 0x00025C00 if necessary
T2934 2493:694.720    -- Filling invalid ranges in sector buffer (flash cache) for sector @ 0x00025D00 if necessary
T2934 2493:694.720    -- Filling invalid ranges in sector buffer (flash cache) for sector @ 0x00025E00 if necessary
T2934 2493:694.720    -- Filling invalid ranges in sector buffer (flash cache) for sector @ 0x00025F00 if necessary
T2934 2493:694.976    -- Filling invalid ranges in sector buffer (flash cache) for sector @ 0x00026000 if necessary
T2934 2493:694.976    -- Filling invalid ranges in sector buffer (flash cache) for sector @ 0x00026100 if necessary
T2934 2493:694.976    -- Filling invalid ranges in sector buffer (flash cache) for sector @ 0x00026200 if necessary
T2934 2493:694.976    -- Filling invalid ranges in sector buffer (flash cache) for sector @ 0x00026300 if necessary
T2934 2493:694.976    -- Filling invalid ranges in sector buffer (flash cache) for sector @ 0x00026400 if necessary
T2934 2493:694.976    -- Filling invalid ranges in sector buffer (flash cache) for sector @ 0x00026500 if necessary
T2934 2493:694.976    -- Filling invalid ranges in sector buffer (flash cache) for sector @ 0x00026600 if necessary
T2934 2493:695.232    -- Filling invalid ranges in sector buffer (flash cache) for sector @ 0x00026700 if necessary
T2934 2493:695.232    -- Filling invalid ranges in sector buffer (flash cache) for sector @ 0x00026800 if necessary
T2934 2493:695.232    -- Filling invalid ranges in sector buffer (flash cache) for sector @ 0x00026900 if necessary
T2934 2493:695.232    -- Filling invalid ranges in sector buffer (flash cache) for sector @ 0x00026A00 if necessary
T2934 2493:695.232    -- Filling invalid ranges in sector buffer (flash cache) for sector @ 0x00026B00 if necessary
T2934 2493:695.232    -- Filling invalid ranges in sector buffer (flash cache) for sector @ 0x00026C00 if necessary
T2934 2493:695.232    -- Filling invalid ranges in sector buffer (flash cache) for sector @ 0x00026D00 if necessary
T2934 2493:695.232    -- Filling invalid ranges in sector buffer (flash cache) for sector @ 0x00026E00 if necessary
T2934 2493:695.488    -- Filling invalid ranges in sector buffer (flash cache) for sector @ 0x00026F00 if necessary
T2934 2493:695.488    -- Filling invalid ranges in sector buffer (flash cache) for sector @ 0x00027000 if necessary
T2934 2493:695.488    -- Filling invalid ranges in sector buffer (flash cache) for sector @ 0x00027100 if necessary
T2934 2493:695.488    -- Filling invalid ranges in sector buffer (flash cache) for sector @ 0x00027200 if necessary
T2934 2493:695.488    -- End of determining dirty areas
T2934 2493:695.488    -- Start of preparing flash programming
T2934 2493:695.488    -- Calculating RAM usage
T2934 2493:695.488    -- RAM usage = 10052 Bytes
T2934 2493:695.488    -- Preserving CPU registers
T2934 2493:695.488    -- Preparing target
T2934 2493:695.488    -- Preserving target RAM temporarily used for programming
T2934 2493:760.768    -- Downloading RAMCode
T2934 2493:778.432    -- Preparing RAMCode
T2934 2493:783.552    -- End of preparing flash programming
T2934 2493:808.128    -- CPU speed could not be measured.
T2934 2493:808.128    -- Start of comparing flash
T2934 2493:808.128    -- CRC check was estimated as fastest method
T2934 2493:865.728    -- Comparing range 0x0000 - 0x1FFFF (512 Sectors, 128 KB), using multi-block CRC calculation
T2934 2493:977.088    -- All CRCs match
T2934 2493:979.904    -- Comparing range 0x20000 - 0x272FF (115 Sectors, 28 KB), using multi-block CRC calculation
T2934 2494:012.928    -- CRC does not match for sectors 85, 112
T2934 2494:013.952    -- Comparing range 0x0000 - 0x1FFFF (512 Sectors, 128 KB), using alternative multi-block CRC calculation
T2934 2494:118.400    -- All CRCs match
T2934 2494:119.168    -- Comparing range 0x20000 - 0x254FF (85 Sectors, 21 KB), using alternative multi-block CRC calculation
T2934 2494:139.648    -- All CRCs match
T2934 2494:139.904    -- Comparing range 0x25600 - 0x26FFF (26 Sectors, 6 KB), using alternative multi-block CRC calculation
T2934 2494:148.096    -- All CRCs match
T2934 2494:148.096    -- Comparing range 0x27100 - 0x272FF (2 Sectors, 512 Bytes), using alternative multi-block CRC calculation
T2934 2494:151.424    -- All CRCs match
T2934 2494:151.424    -- End of comparing flash
T2934 2494:151.424    -- Start of erasing sectors
T2934 2494:151.680    -- Erasing range 0x00025500 - 0x000255FF (  1 Sector, 256 Bytes)
T2934 2494:159.360    -- Erasing range 0x00027000 - 0x000270FF (  1 Sector, 256 Bytes)
T2934 2494:163.712    -- End of erasing sectors
T2934 2494:163.712    -- Start of flash programming
T2934 2494:163.712    -- Programming range 0x00025500 - 0x000255FF (  1 Sector, 256 Bytes)
T2934 2494:166.784    -- Programming range 0x00027000 - 0x000270FF (  1 Sector, 256 Bytes)
T2934 2494:168.320    -- End of flash programming
T2934 2494:168.320    -- 0x25500 - 0x255FF (  1 Sector, 256 Bytes)
T2934 2494:168.320    -- 0x27000 - 0x270FF (  1 Sector, 256 Bytes)
T2934 2494:168.576    -- Start of restoring
T2934 2494:168.576    -- Restoring RAMCode
T2934 2494:183.680    -- Restoring target memory
T2934 2494:232.576    -- Restore target
T2934 2494:232.832    -- Restoring CPU registers
T2934 2494:232.832    -- End of restoring
T2934 2494:232.832    -- Bank 0 @ 0x00000000: 2 ranges affected (512 bytes)
T2934 2494:233.088    -- Total: 0.537s (Prepare: 0.112s, Compare: 0.343s, Erase: 0.012s, Program & Verify: 0.013s, Restore: 0.055s)
T2934 2494:233.088    -- Program & Verify speed: 38 KB/s
T2934 2494:239.744 - 565.056ms returns 512 (0x200)
T2934 2494:240.256 JLINK_ResetPullsRESET(ON)
T2934 2494:240.256 - 0.050ms
T2934 2494:240.256 JLINK_ResetNoHalt()
T2934 2494:240.512   InitTarget() start
T2934 2494:240.512    J-Link Script File: Executing InitTarget()
T2934 2494:240.512   InitTarget()
T2934 2494:242.816   InitTarget() end - Took 2.32ms
T2934 2494:243.328   Found SW-DP with ID 0x0BC11477
T2934 2494:245.376   DPIDR: 0x0BC11477
T2934 2494:245.376   CoreSight SoC-400 or earlier
T2934 2494:245.376   AP map detection skipped. Manually configured AP map found.
T2934 2494:245.632   AP[0]: AHB-AP (IDR: Not set)
T2934 2494:246.400   AP[0]: Core found
T2934 2494:246.400   AP[0]: AHB-AP ROM base: 0x41003000
T2934 2494:246.912   CPUID register: 0x410CC601. Implementer code: 0x41 (ARM)
T2934 2494:246.912   Found Cortex-M0 r0p1, Little endian.
T2934 2494:247.168   -- Max. mem block: 0x000010C0
T2934 2494:247.168   CPU_ReadMem(4 bytes @ 0xE000EDF0)
T2934 2494:247.680   CPU_ReadMem(4 bytes @ 0xE0002000)
T2934 2494:247.936   FPUnit: 4 code (BP) slots and 0 literal slots
T2934 2494:247.936   CPU_ReadMem(4 bytes @ 0xE000EDFC)
T2934 2494:248.448   CPU_ReadMem(4 bytes @ 0xE0001000)
T2934 2494:248.704   CoreSight components:
T2934 2494:248.704   ROMTbl[0] @ 41003000
T2934 2494:248.960   CPU_ReadMem(64 bytes @ 0x41003000)
T2934 2494:249.472   CPU_ReadMem(32 bytes @ 0xE00FFFE0)
T2934 2494:250.240   [0][0]: E00FF000 CID B105100D PID 000BB4C0 ROM Table
T2934 2494:250.240   ROMTbl[1] @ E00FF000
T2934 2494:250.240   CPU_ReadMem(64 bytes @ 0xE00FF000)
T2934 2494:251.008   CPU_ReadMem(32 bytes @ 0xE000EFE0)
T2934 2494:251.520   [1][0]: E000E000 CID B105E00D PID 000BB008 SCS
T2934 2494:251.520   CPU_ReadMem(32 bytes @ 0xE0001FE0)
T2934 2494:252.288   [1][1]: E0001000 CID B105E00D PID 000BB00A DWT
T2934 2494:252.288   CPU_ReadMem(32 bytes @ 0xE0002FE0)
T2934 2494:252.800   [1][2]: E0002000 CID B105E00D PID 000BB00B FPB
T2934 2494:253.056   CPU_ReadMem(32 bytes @ 0x41006FE0)
T2934 2494:253.568   [0][1]: 41006000 CID B105900D PID 001BB932 MTB-M0+
T2934 2494:253.568   JLINK_Reset()
T2934 2494:253.824     CPU_ReadMem(4 bytes @ 0x20000000)
T2934 2494:254.080     CPU_WriteMem(4 bytes @ 0x20000000)
T2934 2494:254.592     ResetTarget() start
T2934 2494:254.592      J-Link Script File: Executing ResetTarget()
T2934 2494:255.104     CPU_ReadMem(4 bytes @ 0xE000EDFC)
T2934 2494:255.616     CPU_WriteMem(4 bytes @ 0xE000EDFC)
T2934 2494:255.872     CPU_WriteMem(4 bytes @ 0xE000ED0C)
T2934 2494:258.176     CPU_ReadMem(4 bytes @ 0xE000EDF0)
T2934 2494:258.688     CPU_ReadMem(4 bytes @ 0x41002100)
T2934 2494:258.944     CPU_WriteMem(4 bytes @ 0xE000EDFC)
T2934 2494:259.712     ResetTarget() end - Took 4.83ms
T2934 2494:263.296     CPU_WriteMem(4 bytes @ 0xE0002000)
T2934 2494:263.808     CPU_ReadMem(4 bytes @ 0xE000EDFC)
T2934 2494:264.064     CPU_ReadMem(4 bytes @ 0xE0001000)
T2934 2494:264.576     CPU_WriteMem(4 bytes @ 0xE0001000)
T2934 2494:264.832   - 11.247ms
T2934 2494:265.088   JLINK_Go()
T2934 2494:265.088     CPU_ReadMem(4 bytes @ 0xE0001000)
T2934 2494:265.600     CPU_WriteMem(4 bytes @ 0xE0001000)
T2934 2494:265.856     CPU_WriteMem(4 bytes @ 0xE0001004)
T2934 2494:266.880     Memory map 'after startup completion point' is active
T2934 2494:266.880   - 1.789ms
T2934 2494:266.880 - 26.575ms
T2934 2494:273.536 JLINK_Close()
T2934 2494:289.408 - 15.997ms
T2934 2494:289.408   
T2934 2494:289.408   Closed
