T203C 3138:464.512   SEGGER J-Link V7.96d Log File
T203C 3138:464.768   DLL Compiled: Apr 10 2024 08:27:25
T203C 3138:464.768   Logging started @ 2024-05-02 21:02
T203C 3138:464.768   Process: C:\Program Files (x86)\Atmel\Studio\7.0\atbackend\atbackend.exe
T203C 3138:464.768 - 69534.320ms
T203C 3138:471.936 JLINK_ExecCommand("Device = ATSAMD21G18A", ...). 
T203C 3138:472.192   Device "ATSAMD21G18A" selected.
T203C 3138:472.704 - 0.769ms returns 0x00
T203C 3138:487.296 JLINK_TIF_Select(JLINKARM_TIF_SWD)
T203C 3138:488.320 - 1.096ms returns 0x00
T203C 3138:488.576 JLINK_SetSpeed(4000)
T203C 3138:488.832 - 0.185ms
T203C 3138:488.832 JLINK_ResetPullsRESET(OFF)
T203C 3138:488.832 - 0.042ms
T203C 3138:488.832 JLINK_Connect()
T203C 3138:489.344 - 0.507ms returns 0xFFFFFEFD
T203C 3138:491.392 JLINK_ResetPullsRESET(ON)
T203C 3138:491.392 - 0.033ms
T203C 3138:491.392 JLINK_ResetNoHalt()
T203C 3138:491.904 - 0.388ms
T203C 3138:756.608 JLINK_GetHWStatus(...)
T203C 3138:757.120 - 0.367ms returns 0
T203C 3149:449.472 JLINK_Close()
T203C 3149:459.712 - 10.319ms
T203C 3149:459.968   
T203C 3149:459.968   Closed
